<?xml version="1.0" encoding="UTF-8"?>
<testsuite xmlns:xsi="http://www.w3.org/2001/XMLSchema-instance" xsi:noNamespaceSchemaLocation="https://maven.apache.org/surefire/maven-surefire-plugin/xsd/surefire-test-report-3.0.xsd" version="3.0" name="com.lfx.demo.service.ArticleServiceTest$ArticleManagementTests" time="0.087" tests="9" errors="0" skipped="0" failures="0">
  <properties>
    <property name="java.specification.version" value="17"/>
    <property name="sun.cpu.isalist" value="amd64"/>
    <property name="sun.jnu.encoding" value="GBK"/>
    <property name="java.class.path" value="E:\sysytem_developer_train\cemenghui\cemenghuiXCX\hou\target\test-classes;E:\sysytem_developer_train\cemenghui\cemenghuiXCX\hou\target\classes;D:\Software\repo\org\projectlombok\lombok\1.18.32\lombok-1.18.32.jar;D:\Software\repo\org\springframework\boot\spring-boot-starter-web\3.3.1\spring-boot-starter-web-3.3.1.jar;D:\Software\repo\org\springframework\boot\spring-boot-starter\3.3.1\spring-boot-starter-3.3.1.jar;D:\Software\repo\org\springframework\boot\spring-boot-starter-logging\3.3.1\spring-boot-starter-logging-3.3.1.jar;D:\Software\repo\ch\qos\logback\logback-classic\1.5.6\logback-classic-1.5.6.jar;D:\Software\repo\ch\qos\logback\logback-core\1.5.6\logback-core-1.5.6.jar;D:\Software\repo\org\apache\logging\log4j\log4j-to-slf4j\2.23.1\log4j-to-slf4j-2.23.1.jar;D:\Software\repo\org\apache\logging\log4j\log4j-api\2.23.1\log4j-api-2.23.1.jar;D:\Software\repo\org\slf4j\jul-to-slf4j\2.0.13\jul-to-slf4j-2.0.13.jar;D:\Software\repo\jakarta\annotation\jakarta.annotation-api\2.1.1\jakarta.annotation-api-2.1.1.jar;D:\Software\repo\org\yaml\snakeyaml\2.2\snakeyaml-2.2.jar;D:\Software\repo\org\springframework\boot\spring-boot-starter-json\3.3.1\spring-boot-starter-json-3.3.1.jar;D:\Software\repo\com\fasterxml\jackson\datatype\jackson-datatype-jdk8\2.17.1\jackson-datatype-jdk8-2.17.1.jar;D:\Software\repo\com\fasterxml\jackson\datatype\jackson-datatype-jsr310\2.17.1\jackson-datatype-jsr310-2.17.1.jar;D:\Software\repo\com\fasterxml\jackson\module\jackson-module-parameter-names\2.17.1\jackson-module-parameter-names-2.17.1.jar;D:\Software\repo\org\springframework\boot\spring-boot-starter-tomcat\3.3.1\spring-boot-starter-tomcat-3.3.1.jar;D:\Software\repo\org\apache\tomcat\embed\tomcat-embed-core\10.1.25\tomcat-embed-core-10.1.25.jar;D:\Software\repo\org\apache\tomcat\embed\tomcat-embed-el\10.1.25\tomcat-embed-el-10.1.25.jar;D:\Software\repo\org\apache\tomcat\embed\tomcat-embed-websocket\10.1.25\tomcat-embed-websocket-10.1.25.jar;D:\Software\repo\org\springframework\spring-web\6.1.10\spring-web-6.1.10.jar;D:\Software\repo\org\springframework\spring-beans\6.1.10\spring-beans-6.1.10.jar;D:\Software\repo\io\micrometer\micrometer-observation\1.13.1\micrometer-observation-1.13.1.jar;D:\Software\repo\io\micrometer\micrometer-commons\1.13.1\micrometer-commons-1.13.1.jar;D:\Software\repo\org\springframework\spring-webmvc\6.1.10\spring-webmvc-6.1.10.jar;D:\Software\repo\org\springframework\spring-context\6.1.10\spring-context-6.1.10.jar;D:\Software\repo\org\springframework\spring-expression\6.1.10\spring-expression-6.1.10.jar;D:\Software\repo\org\springframework\boot\spring-boot-devtools\3.3.1\spring-boot-devtools-3.3.1.jar;D:\Software\repo\org\springframework\boot\spring-boot\3.3.1\spring-boot-3.3.1.jar;D:\Software\repo\org\springframework\boot\spring-boot-autoconfigure\3.3.1\spring-boot-autoconfigure-3.3.1.jar;D:\Software\repo\com\mysql\mysql-connector-j\8.3.0\mysql-connector-j-8.3.0.jar;D:\Software\repo\org\springframework\boot\spring-boot-starter-test\3.3.1\spring-boot-starter-test-3.3.1.jar;D:\Software\repo\org\springframework\boot\spring-boot-test\3.3.1\spring-boot-test-3.3.1.jar;D:\Software\repo\org\springframework\boot\spring-boot-test-autoconfigure\3.3.1\spring-boot-test-autoconfigure-3.3.1.jar;D:\Software\repo\com\jayway\jsonpath\json-path\2.9.0\json-path-2.9.0.jar;D:\Software\repo\jakarta\xml\bind\jakarta.xml.bind-api\4.0.2\jakarta.xml.bind-api-4.0.2.jar;D:\Software\repo\jakarta\activation\jakarta.activation-api\2.1.3\jakarta.activation-api-2.1.3.jar;D:\Software\repo\net\minidev\json-smart\2.5.1\json-smart-2.5.1.jar;D:\Software\repo\net\minidev\accessors-smart\2.5.1\accessors-smart-2.5.1.jar;D:\Software\repo\org\ow2\asm\asm\9.6\asm-9.6.jar;D:\Software\repo\org\assertj\assertj-core\3.25.3\assertj-core-3.25.3.jar;D:\Software\repo\net\bytebuddy\byte-buddy\1.14.17\byte-buddy-1.14.17.jar;D:\Software\repo\org\awaitility\awaitility\4.2.1\awaitility-4.2.1.jar;D:\Software\repo\org\hamcrest\hamcrest\2.2\hamcrest-2.2.jar;D:\Software\repo\org\junit\jupiter\junit-jupiter\5.10.2\junit-jupiter-5.10.2.jar;D:\Software\repo\org\junit\jupiter\junit-jupiter-api\5.10.2\junit-jupiter-api-5.10.2.jar;D:\Software\repo\org\opentest4j\opentest4j\1.3.0\opentest4j-1.3.0.jar;D:\Software\repo\org\junit\platform\junit-platform-commons\1.10.2\junit-platform-commons-1.10.2.jar;D:\Software\repo\org\apiguardian\apiguardian-api\1.1.2\apiguardian-api-1.1.2.jar;D:\Software\repo\org\junit\jupiter\junit-jupiter-params\5.10.2\junit-jupiter-params-5.10.2.jar;D:\Software\repo\org\junit\jupiter\junit-jupiter-engine\5.10.2\junit-jupiter-engine-5.10.2.jar;D:\Software\repo\org\junit\platform\junit-platform-engine\1.10.2\junit-platform-engine-1.10.2.jar;D:\Software\repo\org\mockito\mockito-core\5.11.0\mockito-core-5.11.0.jar;D:\Software\repo\net\bytebuddy\byte-buddy-agent\1.14.17\byte-buddy-agent-1.14.17.jar;D:\Software\repo\org\objenesis\objenesis\3.3\objenesis-3.3.jar;D:\Software\repo\org\mockito\mockito-junit-jupiter\5.11.0\mockito-junit-jupiter-5.11.0.jar;D:\Software\repo\org\skyscreamer\jsonassert\1.5.1\jsonassert-1.5.1.jar;D:\Software\repo\com\vaadin\external\google\android-json\0.0.20131108.vaadin1\android-json-0.0.20131108.vaadin1.jar;D:\Software\repo\org\springframework\spring-core\6.1.10\spring-core-6.1.10.jar;D:\Software\repo\org\springframework\spring-jcl\6.1.10\spring-jcl-6.1.10.jar;D:\Software\repo\org\springframework\spring-test\6.1.10\spring-test-6.1.10.jar;D:\Software\repo\org\xmlunit\xmlunit-core\2.9.1\xmlunit-core-2.9.1.jar;D:\Software\repo\org\mybatis\spring\boot\mybatis-spring-boot-starter\3.0.3\mybatis-spring-boot-starter-3.0.3.jar;D:\Software\repo\org\springframework\boot\spring-boot-starter-jdbc\3.3.1\spring-boot-starter-jdbc-3.3.1.jar;D:\Software\repo\com\zaxxer\HikariCP\5.1.0\HikariCP-5.1.0.jar;D:\Software\repo\org\springframework\spring-jdbc\6.1.10\spring-jdbc-6.1.10.jar;D:\Software\repo\org\mybatis\spring\boot\mybatis-spring-boot-autoconfigure\3.0.3\mybatis-spring-boot-autoconfigure-3.0.3.jar;D:\Software\repo\org\mybatis\mybatis\3.5.14\mybatis-3.5.14.jar;D:\Software\repo\org\mybatis\mybatis-spring\3.0.3\mybatis-spring-3.0.3.jar;D:\Software\repo\com\baomidou\mybatis-plus-boot-starter\3.5.5\mybatis-plus-boot-starter-3.5.5.jar;D:\Software\repo\com\baomidou\mybatis-plus\3.5.5\mybatis-plus-3.5.5.jar;D:\Software\repo\com\baomidou\mybatis-plus-core\3.5.5\mybatis-plus-core-3.5.5.jar;D:\Software\repo\com\baomidou\mybatis-plus-annotation\3.5.5\mybatis-plus-annotation-3.5.5.jar;D:\Software\repo\com\baomidou\mybatis-plus-extension\3.5.5\mybatis-plus-extension-3.5.5.jar;D:\Software\repo\com\github\jsqlparser\jsqlparser\4.6\jsqlparser-4.6.jar;D:\Software\repo\com\baomidou\mybatis-plus-spring-boot-autoconfigure\3.5.5\mybatis-plus-spring-boot-autoconfigure-3.5.5.jar;D:\Software\repo\org\springframework\boot\spring-boot-starter-data-redis\3.3.1\spring-boot-starter-data-redis-3.3.1.jar;D:\Software\repo\io\lettuce\lettuce-core\6.3.2.RELEASE\lettuce-core-6.3.2.RELEASE.jar;D:\Software\repo\io\netty\netty-common\4.1.111.Final\netty-common-4.1.111.Final.jar;D:\Software\repo\io\netty\netty-handler\4.1.111.Final\netty-handler-4.1.111.Final.jar;D:\Software\repo\io\netty\netty-resolver\4.1.111.Final\netty-resolver-4.1.111.Final.jar;D:\Software\repo\io\netty\netty-buffer\4.1.111.Final\netty-buffer-4.1.111.Final.jar;D:\Software\repo\io\netty\netty-transport-native-unix-common\4.1.111.Final\netty-transport-native-unix-common-4.1.111.Final.jar;D:\Software\repo\io\netty\netty-codec\4.1.111.Final\netty-codec-4.1.111.Final.jar;D:\Software\repo\io\netty\netty-transport\4.1.111.Final\netty-transport-4.1.111.Final.jar;D:\Software\repo\io\projectreactor\reactor-core\3.6.7\reactor-core-3.6.7.jar;D:\Software\repo\org\reactivestreams\reactive-streams\1.0.4\reactive-streams-1.0.4.jar;D:\Software\repo\org\springframework\data\spring-data-redis\3.3.1\spring-data-redis-3.3.1.jar;D:\Software\repo\org\springframework\data\spring-data-keyvalue\3.3.1\spring-data-keyvalue-3.3.1.jar;D:\Software\repo\org\springframework\data\spring-data-commons\3.3.1\spring-data-commons-3.3.1.jar;D:\Software\repo\org\springframework\spring-tx\6.1.10\spring-tx-6.1.10.jar;D:\Software\repo\org\springframework\spring-oxm\6.1.10\spring-oxm-6.1.10.jar;D:\Software\repo\org\springframework\spring-context-support\6.1.10\spring-context-support-6.1.10.jar;D:\Software\repo\com\aliyun\aliyun-java-sdk-core\4.6.0\aliyun-java-sdk-core-4.6.0.jar;D:\Software\repo\com\google\code\gson\gson\2.10.1\gson-2.10.1.jar;D:\Software\repo\org\apache\httpcomponents\httpclient\4.5.13\httpclient-4.5.13.jar;D:\Software\repo\commons-codec\commons-codec\1.16.1\commons-codec-1.16.1.jar;D:\Software\repo\org\apache\httpcomponents\httpcore\4.4.16\httpcore-4.4.16.jar;D:\Software\repo\commons-logging\commons-logging\1.2\commons-logging-1.2.jar;D:\Software\repo\org\apache\commons\commons-lang3\3.14.0\commons-lang3-3.14.0.jar;D:\Software\repo\javax\xml\bind\jaxb-api\2.3.1\jaxb-api-2.3.1.jar;D:\Software\repo\javax\activation\javax.activation-api\1.2.0\javax.activation-api-1.2.0.jar;D:\Software\repo\org\glassfish\jaxb\jaxb-runtime\4.0.5\jaxb-runtime-4.0.5.jar;D:\Software\repo\org\glassfish\jaxb\jaxb-core\4.0.5\jaxb-core-4.0.5.jar;D:\Software\repo\org\eclipse\angus\angus-activation\2.0.2\angus-activation-2.0.2.jar;D:\Software\repo\org\glassfish\jaxb\txw2\4.0.5\txw2-4.0.5.jar;D:\Software\repo\com\sun\istack\istack-commons-runtime\4.1.2\istack-commons-runtime-4.1.2.jar;D:\Software\repo\org\bouncycastle\bcprov-jdk15on\1.70\bcprov-jdk15on-1.70.jar;D:\Software\repo\org\jacoco\org.jacoco.agent\0.8.7\org.jacoco.agent-0.8.7-runtime.jar;D:\Software\repo\org\ini4j\ini4j\0.5.4\ini4j-0.5.4.jar;D:\Software\repo\org\slf4j\slf4j-api\2.0.13\slf4j-api-2.0.13.jar;D:\Software\repo\io\opentracing\opentracing-api\0.33.0\opentracing-api-0.33.0.jar;D:\Software\repo\io\opentracing\opentracing-util\0.33.0\opentracing-util-0.33.0.jar;D:\Software\repo\io\opentracing\opentracing-noop\0.33.0\opentracing-noop-0.33.0.jar;D:\Software\repo\com\aliyun\aliyun-java-sdk-dysmsapi\1.1.0\aliyun-java-sdk-dysmsapi-1.1.0.jar;D:\Software\repo\com\alibaba\fastjson\1.2.76\fastjson-1.2.76.jar;D:\Software\repo\jakarta\validation\jakarta.validation-api\3.0.2\jakarta.validation-api-3.0.2.jar;D:\Software\repo\org\springframework\session\spring-session-data-redis\3.3.1\spring-session-data-redis-3.3.1.jar;D:\Software\repo\org\springframework\session\spring-session-core\3.3.1\spring-session-core-3.3.1.jar;D:\Software\repo\org\springframework\boot\spring-boot-starter-security\3.3.1\spring-boot-starter-security-3.3.1.jar;D:\Software\repo\org\springframework\spring-aop\6.1.10\spring-aop-6.1.10.jar;D:\Software\repo\org\springframework\security\spring-security-config\6.3.1\spring-security-config-6.3.1.jar;D:\Software\repo\org\springframework\security\spring-security-core\6.3.1\spring-security-core-6.3.1.jar;D:\Software\repo\org\springframework\security\spring-security-crypto\6.3.1\spring-security-crypto-6.3.1.jar;D:\Software\repo\org\springframework\security\spring-security-web\6.3.1\spring-security-web-6.3.1.jar;D:\Software\repo\io\jsonwebtoken\jjwt-api\0.11.5\jjwt-api-0.11.5.jar;D:\Software\repo\io\jsonwebtoken\jjwt-impl\0.11.5\jjwt-impl-0.11.5.jar;D:\Software\repo\io\jsonwebtoken\jjwt-jackson\0.11.5\jjwt-jackson-0.11.5.jar;D:\Software\repo\com\fasterxml\jackson\core\jackson-databind\2.17.1\jackson-databind-2.17.1.jar;D:\Software\repo\com\fasterxml\jackson\core\jackson-annotations\2.17.1\jackson-annotations-2.17.1.jar;D:\Software\repo\com\fasterxml\jackson\core\jackson-core\2.17.1\jackson-core-2.17.1.jar;D:\Software\repo\com\github\pagehelper\pagehelper-spring-boot-starter\2.1.0\pagehelper-spring-boot-starter-2.1.0.jar;D:\Software\repo\com\github\pagehelper\pagehelper-spring-boot-autoconfigure\2.1.0\pagehelper-spring-boot-autoconfigure-2.1.0.jar;D:\Software\repo\com\github\pagehelper\pagehelper\6.1.0\pagehelper-6.1.0.jar;"/>
    <property name="java.vm.vendor" value="Oracle Corporation"/>
    <property name="sun.arch.data.model" value="64"/>
    <property name="user.variant" value=""/>
    <property name="java.vendor.url" value="https://java.oracle.com/"/>
    <property name="user.timezone" value="Asia/Shanghai"/>
    <property name="os.name" value="Windows 11"/>
    <property name="java.vm.specification.version" value="17"/>
    <property name="sun.java.launcher" value="SUN_STANDARD"/>
    <property name="user.country" value="CN"/>
    <property name="sun.boot.library.path" value="D:\Java\jdk-17\bin"/>
    <property name="sun.java.command" value="C:\Users\31819\AppData\Local\Temp\surefire17765833067520671999\surefirebooter-20250712013941089_3.jar C:\Users\31819\AppData\Local\Temp\surefire17765833067520671999 2025-07-12T01-39-40_886-jvmRun1 surefire-20250712013941089_1tmp surefire_0-20250712013941089_2tmp"/>
    <property name="jdk.debug" value="release"/>
    <property name="surefire.test.class.path" value="E:\sysytem_developer_train\cemenghui\cemenghuiXCX\hou\target\test-classes;E:\sysytem_developer_train\cemenghui\cemenghuiXCX\hou\target\classes;D:\Software\repo\org\projectlombok\lombok\1.18.32\lombok-1.18.32.jar;D:\Software\repo\org\springframework\boot\spring-boot-starter-web\3.3.1\spring-boot-starter-web-3.3.1.jar;D:\Software\repo\org\springframework\boot\spring-boot-starter\3.3.1\spring-boot-starter-3.3.1.jar;D:\Software\repo\org\springframework\boot\spring-boot-starter-logging\3.3.1\spring-boot-starter-logging-3.3.1.jar;D:\Software\repo\ch\qos\logback\logback-classic\1.5.6\logback-classic-1.5.6.jar;D:\Software\repo\ch\qos\logback\logback-core\1.5.6\logback-core-1.5.6.jar;D:\Software\repo\org\apache\logging\log4j\log4j-to-slf4j\2.23.1\log4j-to-slf4j-2.23.1.jar;D:\Software\repo\org\apache\logging\log4j\log4j-api\2.23.1\log4j-api-2.23.1.jar;D:\Software\repo\org\slf4j\jul-to-slf4j\2.0.13\jul-to-slf4j-2.0.13.jar;D:\Software\repo\jakarta\annotation\jakarta.annotation-api\2.1.1\jakarta.annotation-api-2.1.1.jar;D:\Software\repo\org\yaml\snakeyaml\2.2\snakeyaml-2.2.jar;D:\Software\repo\org\springframework\boot\spring-boot-starter-json\3.3.1\spring-boot-starter-json-3.3.1.jar;D:\Software\repo\com\fasterxml\jackson\datatype\jackson-datatype-jdk8\2.17.1\jackson-datatype-jdk8-2.17.1.jar;D:\Software\repo\com\fasterxml\jackson\datatype\jackson-datatype-jsr310\2.17.1\jackson-datatype-jsr310-2.17.1.jar;D:\Software\repo\com\fasterxml\jackson\module\jackson-module-parameter-names\2.17.1\jackson-module-parameter-names-2.17.1.jar;D:\Software\repo\org\springframework\boot\spring-boot-starter-tomcat\3.3.1\spring-boot-starter-tomcat-3.3.1.jar;D:\Software\repo\org\apache\tomcat\embed\tomcat-embed-core\10.1.25\tomcat-embed-core-10.1.25.jar;D:\Software\repo\org\apache\tomcat\embed\tomcat-embed-el\10.1.25\tomcat-embed-el-10.1.25.jar;D:\Software\repo\org\apache\tomcat\embed\tomcat-embed-websocket\10.1.25\tomcat-embed-websocket-10.1.25.jar;D:\Software\repo\org\springframework\spring-web\6.1.10\spring-web-6.1.10.jar;D:\Software\repo\org\springframework\spring-beans\6.1.10\spring-beans-6.1.10.jar;D:\Software\repo\io\micrometer\micrometer-observation\1.13.1\micrometer-observation-1.13.1.jar;D:\Software\repo\io\micrometer\micrometer-commons\1.13.1\micrometer-commons-1.13.1.jar;D:\Software\repo\org\springframework\spring-webmvc\6.1.10\spring-webmvc-6.1.10.jar;D:\Software\repo\org\springframework\spring-context\6.1.10\spring-context-6.1.10.jar;D:\Software\repo\org\springframework\spring-expression\6.1.10\spring-expression-6.1.10.jar;D:\Software\repo\org\springframework\boot\spring-boot-devtools\3.3.1\spring-boot-devtools-3.3.1.jar;D:\Software\repo\org\springframework\boot\spring-boot\3.3.1\spring-boot-3.3.1.jar;D:\Software\repo\org\springframework\boot\spring-boot-autoconfigure\3.3.1\spring-boot-autoconfigure-3.3.1.jar;D:\Software\repo\com\mysql\mysql-connector-j\8.3.0\mysql-connector-j-8.3.0.jar;D:\Software\repo\org\springframework\boot\spring-boot-starter-test\3.3.1\spring-boot-starter-test-3.3.1.jar;D:\Software\repo\org\springframework\boot\spring-boot-test\3.3.1\spring-boot-test-3.3.1.jar;D:\Software\repo\org\springframework\boot\spring-boot-test-autoconfigure\3.3.1\spring-boot-test-autoconfigure-3.3.1.jar;D:\Software\repo\com\jayway\jsonpath\json-path\2.9.0\json-path-2.9.0.jar;D:\Software\repo\jakarta\xml\bind\jakarta.xml.bind-api\4.0.2\jakarta.xml.bind-api-4.0.2.jar;D:\Software\repo\jakarta\activation\jakarta.activation-api\2.1.3\jakarta.activation-api-2.1.3.jar;D:\Software\repo\net\minidev\json-smart\2.5.1\json-smart-2.5.1.jar;D:\Software\repo\net\minidev\accessors-smart\2.5.1\accessors-smart-2.5.1.jar;D:\Software\repo\org\ow2\asm\asm\9.6\asm-9.6.jar;D:\Software\repo\org\assertj\assertj-core\3.25.3\assertj-core-3.25.3.jar;D:\Software\repo\net\bytebuddy\byte-buddy\1.14.17\byte-buddy-1.14.17.jar;D:\Software\repo\org\awaitility\awaitility\4.2.1\awaitility-4.2.1.jar;D:\Software\repo\org\hamcrest\hamcrest\2.2\hamcrest-2.2.jar;D:\Software\repo\org\junit\jupiter\junit-jupiter\5.10.2\junit-jupiter-5.10.2.jar;D:\Software\repo\org\junit\jupiter\junit-jupiter-api\5.10.2\junit-jupiter-api-5.10.2.jar;D:\Software\repo\org\opentest4j\opentest4j\1.3.0\opentest4j-1.3.0.jar;D:\Software\repo\org\junit\platform\junit-platform-commons\1.10.2\junit-platform-commons-1.10.2.jar;D:\Software\repo\org\apiguardian\apiguardian-api\1.1.2\apiguardian-api-1.1.2.jar;D:\Software\repo\org\junit\jupiter\junit-jupiter-params\5.10.2\junit-jupiter-params-5.10.2.jar;D:\Software\repo\org\junit\jupiter\junit-jupiter-engine\5.10.2\junit-jupiter-engine-5.10.2.jar;D:\Software\repo\org\junit\platform\junit-platform-engine\1.10.2\junit-platform-engine-1.10.2.jar;D:\Software\repo\org\mockito\mockito-core\5.11.0\mockito-core-5.11.0.jar;D:\Software\repo\net\bytebuddy\byte-buddy-agent\1.14.17\byte-buddy-agent-1.14.17.jar;D:\Software\repo\org\objenesis\objenesis\3.3\objenesis-3.3.jar;D:\Software\repo\org\mockito\mockito-junit-jupiter\5.11.0\mockito-junit-jupiter-5.11.0.jar;D:\Software\repo\org\skyscreamer\jsonassert\1.5.1\jsonassert-1.5.1.jar;D:\Software\repo\com\vaadin\external\google\android-json\0.0.20131108.vaadin1\android-json-0.0.20131108.vaadin1.jar;D:\Software\repo\org\springframework\spring-core\6.1.10\spring-core-6.1.10.jar;D:\Software\repo\org\springframework\spring-jcl\6.1.10\spring-jcl-6.1.10.jar;D:\Software\repo\org\springframework\spring-test\6.1.10\spring-test-6.1.10.jar;D:\Software\repo\org\xmlunit\xmlunit-core\2.9.1\xmlunit-core-2.9.1.jar;D:\Software\repo\org\mybatis\spring\boot\mybatis-spring-boot-starter\3.0.3\mybatis-spring-boot-starter-3.0.3.jar;D:\Software\repo\org\springframework\boot\spring-boot-starter-jdbc\3.3.1\spring-boot-starter-jdbc-3.3.1.jar;D:\Software\repo\com\zaxxer\HikariCP\5.1.0\HikariCP-5.1.0.jar;D:\Software\repo\org\springframework\spring-jdbc\6.1.10\spring-jdbc-6.1.10.jar;D:\Software\repo\org\mybatis\spring\boot\mybatis-spring-boot-autoconfigure\3.0.3\mybatis-spring-boot-autoconfigure-3.0.3.jar;D:\Software\repo\org\mybatis\mybatis\3.5.14\mybatis-3.5.14.jar;D:\Software\repo\org\mybatis\mybatis-spring\3.0.3\mybatis-spring-3.0.3.jar;D:\Software\repo\com\baomidou\mybatis-plus-boot-starter\3.5.5\mybatis-plus-boot-starter-3.5.5.jar;D:\Software\repo\com\baomidou\mybatis-plus\3.5.5\mybatis-plus-3.5.5.jar;D:\Software\repo\com\baomidou\mybatis-plus-core\3.5.5\mybatis-plus-core-3.5.5.jar;D:\Software\repo\com\baomidou\mybatis-plus-annotation\3.5.5\mybatis-plus-annotation-3.5.5.jar;D:\Software\repo\com\baomidou\mybatis-plus-extension\3.5.5\mybatis-plus-extension-3.5.5.jar;D:\Software\repo\com\github\jsqlparser\jsqlparser\4.6\jsqlparser-4.6.jar;D:\Software\repo\com\baomidou\mybatis-plus-spring-boot-autoconfigure\3.5.5\mybatis-plus-spring-boot-autoconfigure-3.5.5.jar;D:\Software\repo\org\springframework\boot\spring-boot-starter-data-redis\3.3.1\spring-boot-starter-data-redis-3.3.1.jar;D:\Software\repo\io\lettuce\lettuce-core\6.3.2.RELEASE\lettuce-core-6.3.2.RELEASE.jar;D:\Software\repo\io\netty\netty-common\4.1.111.Final\netty-common-4.1.111.Final.jar;D:\Software\repo\io\netty\netty-handler\4.1.111.Final\netty-handler-4.1.111.Final.jar;D:\Software\repo\io\netty\netty-resolver\4.1.111.Final\netty-resolver-4.1.111.Final.jar;D:\Software\repo\io\netty\netty-buffer\4.1.111.Final\netty-buffer-4.1.111.Final.jar;D:\Software\repo\io\netty\netty-transport-native-unix-common\4.1.111.Final\netty-transport-native-unix-common-4.1.111.Final.jar;D:\Software\repo\io\netty\netty-codec\4.1.111.Final\netty-codec-4.1.111.Final.jar;D:\Software\repo\io\netty\netty-transport\4.1.111.Final\netty-transport-4.1.111.Final.jar;D:\Software\repo\io\projectreactor\reactor-core\3.6.7\reactor-core-3.6.7.jar;D:\Software\repo\org\reactivestreams\reactive-streams\1.0.4\reactive-streams-1.0.4.jar;D:\Software\repo\org\springframework\data\spring-data-redis\3.3.1\spring-data-redis-3.3.1.jar;D:\Software\repo\org\springframework\data\spring-data-keyvalue\3.3.1\spring-data-keyvalue-3.3.1.jar;D:\Software\repo\org\springframework\data\spring-data-commons\3.3.1\spring-data-commons-3.3.1.jar;D:\Software\repo\org\springframework\spring-tx\6.1.10\spring-tx-6.1.10.jar;D:\Software\repo\org\springframework\spring-oxm\6.1.10\spring-oxm-6.1.10.jar;D:\Software\repo\org\springframework\spring-context-support\6.1.10\spring-context-support-6.1.10.jar;D:\Software\repo\com\aliyun\aliyun-java-sdk-core\4.6.0\aliyun-java-sdk-core-4.6.0.jar;D:\Software\repo\com\google\code\gson\gson\2.10.1\gson-2.10.1.jar;D:\Software\repo\org\apache\httpcomponents\httpclient\4.5.13\httpclient-4.5.13.jar;D:\Software\repo\commons-codec\commons-codec\1.16.1\commons-codec-1.16.1.jar;D:\Software\repo\org\apache\httpcomponents\httpcore\4.4.16\httpcore-4.4.16.jar;D:\Software\repo\commons-logging\commons-logging\1.2\commons-logging-1.2.jar;D:\Software\repo\org\apache\commons\commons-lang3\3.14.0\commons-lang3-3.14.0.jar;D:\Software\repo\javax\xml\bind\jaxb-api\2.3.1\jaxb-api-2.3.1.jar;D:\Software\repo\javax\activation\javax.activation-api\1.2.0\javax.activation-api-1.2.0.jar;D:\Software\repo\org\glassfish\jaxb\jaxb-runtime\4.0.5\jaxb-runtime-4.0.5.jar;D:\Software\repo\org\glassfish\jaxb\jaxb-core\4.0.5\jaxb-core-4.0.5.jar;D:\Software\repo\org\eclipse\angus\angus-activation\2.0.2\angus-activation-2.0.2.jar;D:\Software\repo\org\glassfish\jaxb\txw2\4.0.5\txw2-4.0.5.jar;D:\Software\repo\com\sun\istack\istack-commons-runtime\4.1.2\istack-commons-runtime-4.1.2.jar;D:\Software\repo\org\bouncycastle\bcprov-jdk15on\1.70\bcprov-jdk15on-1.70.jar;D:\Software\repo\org\jacoco\org.jacoco.agent\0.8.7\org.jacoco.agent-0.8.7-runtime.jar;D:\Software\repo\org\ini4j\ini4j\0.5.4\ini4j-0.5.4.jar;D:\Software\repo\org\slf4j\slf4j-api\2.0.13\slf4j-api-2.0.13.jar;D:\Software\repo\io\opentracing\opentracing-api\0.33.0\opentracing-api-0.33.0.jar;D:\Software\repo\io\opentracing\opentracing-util\0.33.0\opentracing-util-0.33.0.jar;D:\Software\repo\io\opentracing\opentracing-noop\0.33.0\opentracing-noop-0.33.0.jar;D:\Software\repo\com\aliyun\aliyun-java-sdk-dysmsapi\1.1.0\aliyun-java-sdk-dysmsapi-1.1.0.jar;D:\Software\repo\com\alibaba\fastjson\1.2.76\fastjson-1.2.76.jar;D:\Software\repo\jakarta\validation\jakarta.validation-api\3.0.2\jakarta.validation-api-3.0.2.jar;D:\Software\repo\org\springframework\session\spring-session-data-redis\3.3.1\spring-session-data-redis-3.3.1.jar;D:\Software\repo\org\springframework\session\spring-session-core\3.3.1\spring-session-core-3.3.1.jar;D:\Software\repo\org\springframework\boot\spring-boot-starter-security\3.3.1\spring-boot-starter-security-3.3.1.jar;D:\Software\repo\org\springframework\spring-aop\6.1.10\spring-aop-6.1.10.jar;D:\Software\repo\org\springframework\security\spring-security-config\6.3.1\spring-security-config-6.3.1.jar;D:\Software\repo\org\springframework\security\spring-security-core\6.3.1\spring-security-core-6.3.1.jar;D:\Software\repo\org\springframework\security\spring-security-crypto\6.3.1\spring-security-crypto-6.3.1.jar;D:\Software\repo\org\springframework\security\spring-security-web\6.3.1\spring-security-web-6.3.1.jar;D:\Software\repo\io\jsonwebtoken\jjwt-api\0.11.5\jjwt-api-0.11.5.jar;D:\Software\repo\io\jsonwebtoken\jjwt-impl\0.11.5\jjwt-impl-0.11.5.jar;D:\Software\repo\io\jsonwebtoken\jjwt-jackson\0.11.5\jjwt-jackson-0.11.5.jar;D:\Software\repo\com\fasterxml\jackson\core\jackson-databind\2.17.1\jackson-databind-2.17.1.jar;D:\Software\repo\com\fasterxml\jackson\core\jackson-annotations\2.17.1\jackson-annotations-2.17.1.jar;D:\Software\repo\com\fasterxml\jackson\core\jackson-core\2.17.1\jackson-core-2.17.1.jar;D:\Software\repo\com\github\pagehelper\pagehelper-spring-boot-starter\2.1.0\pagehelper-spring-boot-starter-2.1.0.jar;D:\Software\repo\com\github\pagehelper\pagehelper-spring-boot-autoconfigure\2.1.0\pagehelper-spring-boot-autoconfigure-2.1.0.jar;D:\Software\repo\com\github\pagehelper\pagehelper\6.1.0\pagehelper-6.1.0.jar;"/>
    <property name="sun.cpu.endian" value="little"/>
    <property name="user.home" value="C:\Users\31819"/>
    <property name="user.language" value="zh"/>
    <property name="java.specification.vendor" value="Oracle Corporation"/>
    <property name="java.version.date" value="2024-04-16"/>
    <property name="java.home" value="D:\Java\jdk-17"/>
    <property name="file.separator" value="\"/>
    <property name="basedir" value="E:\sysytem_developer_train\cemenghui\cemenghuiXCX\hou"/>
    <property name="java.vm.compressedOopsMode" value="Zero based"/>
    <property name="line.separator" value="&#10;"/>
    <property name="java.vm.specification.vendor" value="Oracle Corporation"/>
    <property name="java.specification.name" value="Java Platform API Specification"/>
    <property name="surefire.real.class.path" value="C:\Users\31819\AppData\Local\Temp\surefire17765833067520671999\surefirebooter-20250712013941089_3.jar"/>
    <property name="user.script" value=""/>
    <property name="sun.management.compiler" value="HotSpot 64-Bit Tiered Compilers"/>
    <property name="java.runtime.version" value="17.0.11+7-LTS-207"/>
    <property name="user.name" value="31819"/>
    <property name="path.separator" value=";"/>
    <property name="os.version" value="10.0"/>
    <property name="java.runtime.name" value="Java(TM) SE Runtime Environment"/>
    <property name="file.encoding" value="GBK"/>
    <property name="java.vm.name" value="Java HotSpot(TM) 64-Bit Server VM"/>
    <property name="localRepository" value="D:\Software\repo"/>
    <property name="java.vendor.url.bug" value="https://bugreport.java.com/bugreport/"/>
    <property name="java.io.tmpdir" value="C:\Users\31819\AppData\Local\Temp\"/>
    <property name="java.version" value="17.0.11"/>
    <property name="user.dir" value="E:\sysytem_developer_train\cemenghui\cemenghuiXCX\hou"/>
    <property name="os.arch" value="amd64"/>
    <property name="java.vm.specification.name" value="Java Virtual Machine Specification"/>
    <property name="sun.os.patch.level" value=""/>
    <property name="native.encoding" value="GBK"/>
    <property name="java.library.path" value="D:\Java\jdk-17\bin;C:\Windows\Sun\Java\bin;C:\Windows\system32;C:\Windows;E:\Kingbase\ES\V8\KESRealPro\V008R006C009B0014\Interface\compress\v8r6_compress_win\kb_x64\release;D:\Java\jdk-17\bin;D:\Java\jdk-17\jre\bin;C:\Program Files\Common Files\Oracle\Java\javapath;C:\Program Files (x86)\Common Files\Oracle\Java\java8path;C:\Program Files (x86)\Common Files\Oracle\Java\javapath;C:\Windows\system32;C:\Windows;C:\Windows\System32\Wbem;C:\Windows\System32\WindowsPowerShell\v1.0\;C:\Windows\System32\OpenSSH\;C:\Program Files\dotnet\;C:\Program Files (x86)\NVIDIA Corporation\PhysX\Common;D:\Program Files (x86)\Tencent\WechatWebDeveloper\dll;D:\Windows Kits\10\Windows Performance Toolkit\;D:\VSCode\Microsoft VS Code\bin;D:\Program Files\MATLAB\R2024a\runtime\win64;D:\Program Files\MATLAB\R2024a\bin;D:\Anaconada;D:\Anaconada\Scripts;D:\Anaconada\Library\bin;D:\Anaconada\Library\mingw-w64\bin;D:\Anaconada\Library\usr\bin;D:\MinGW\bin;C:\Program Files\MySQL\MySQL Server 9.0\bin;C:\Program Files\Git\cmd;D:\vivoworkgroup\pcsuite\;D:\apache-tomcat-9.0.45\bin;D:\Program Files\Nox\bin;D:\LINGO64;E:\pandoc-3.7.0.2-windows-x86_64\pandoc-3.7.0.2;D:\Java\ideaIU-2020.1.rar\apache-maven-3.5.2\apache-maven-3.5.2\bin;D:\Python3.8.6\Scripts\;D:\Python3.8.6\;D:\python\Scripts\;D:\python\;D:\Users\31819\AppData\Local\Programs\Python\Python37\Scripts\;D:\Users\31819\AppData\Local\Programs\Python\Python37\;C:\Users\31819\AppData\Local\Microsoft\WindowsApps;D:\texlive\2024\bin\windows;C:\Users\31819\.dotnet\tools;D:\pycharm\PyCharm 2023.1.4\bin;;D:\Web\WebStorm 2024.3.3\bin;;E:\Programs\cursor\resources\app\bin;C:\nvm4w\nodejs;C:\Users\31819\AppData\Local\nvm;D:\soft\nodejs\node_global;D:\Program Files (x86)\Tencent\WechatWebDeveloper\dll;;c:\Users\31819\.cursor\extensions\ms-python.debugpy-2025.8.0-win32-x64\bundled\scripts\noConfigScripts;."/>
    <property name="java.vm.info" value="mixed mode, sharing"/>
    <property name="java.vendor" value="Oracle Corporation"/>
    <property name="java.vm.version" value="17.0.11+7-LTS-207"/>
    <property name="sun.io.unicode.encoding" value="UnicodeLittle"/>
    <property name="java.class.version" value="61.0"/>
  </properties>
  <testcase name="testAddArticle_NormalUser_Success" classname="com.lfx.demo.service.ArticleServiceTest$ArticleManagementTests" time="0.006">
    <system-out><![CDATA[01:39:50.299 [main] INFO com.lfx.demo.service.ArticleServiceImpl -- === 开始保存文章 ===
01:39:50.299 [main] INFO com.lfx.demo.service.ArticleServiceImpl -- 接收到的原始文章数据: Article{id=null, title='新动态', description='null', content='新内容', keywords='null', authorName='null', authorId=null, publisher='null', fileUrl='null', createTime=null, updateTime=null, status=null}
01:39:50.299 [main] INFO com.lfx.demo.service.ArticleServiceImpl -- 当前登录用户: id=1, name=normal_user, role=1
01:39:50.300 [main] INFO com.lfx.demo.service.ArticleServiceImpl -- 普通用户发布文章，状态设置为: PENDING
01:39:50.300 [main] INFO com.lfx.demo.service.ArticleServiceImpl -- 最终保存的文章数据: Article{id=null, title='新动态', description='null', content='新内容', keywords='null', authorName='null', authorId=1, publisher='normal_user', fileUrl='null', createTime=Sat Jul 12 01:39:50 CST 2025, updateTime=Sat Jul 12 01:39:50 CST 2025, status=PENDING}
01:39:50.300 [main] INFO com.lfx.demo.service.ArticleServiceImpl -- === 文章保存完成，返回新创建的文章，ID: null ===
]]></system-out>
  </testcase>
  <testcase name="testUpdateArticle_Success" classname="com.lfx.demo.service.ArticleServiceTest$ArticleManagementTests" time="0.005"/>
  <testcase name="testAddArticle_SuperAdmin_Success" classname="com.lfx.demo.service.ArticleServiceTest$ArticleManagementTests" time="0.009">
    <system-out><![CDATA[01:39:50.312 [main] INFO com.lfx.demo.service.ArticleServiceImpl -- === 开始保存文章 ===
01:39:50.314 [main] INFO com.lfx.demo.service.ArticleServiceImpl -- 接收到的原始文章数据: Article{id=null, title='新动态', description='null', content='新内容', keywords='null', authorName='null', authorId=null, publisher='null', fileUrl='null', createTime=null, updateTime=null, status=null}
01:39:50.314 [main] INFO com.lfx.demo.service.ArticleServiceImpl -- 当前登录用户: id=3, name=super_admin, role=3
01:39:50.315 [main] INFO com.lfx.demo.service.ArticleServiceImpl -- 超级管理员发布文章，状态设置为: PUBLISHED
01:39:50.315 [main] INFO com.lfx.demo.service.ArticleServiceImpl -- 最终保存的文章数据: Article{id=null, title='新动态', description='null', content='新内容', keywords='null', authorName='null', authorId=3, publisher='super_admin', fileUrl='null', createTime=Sat Jul 12 01:39:50 CST 2025, updateTime=Sat Jul 12 01:39:50 CST 2025, status=PUBLISHED}
01:39:50.315 [main] INFO com.lfx.demo.service.ArticleServiceImpl -- === 文章保存完成，返回新创建的文章，ID: null ===
]]></system-out>
  </testcase>
  <testcase name="testAddArticle_NotLoggedIn" classname="com.lfx.demo.service.ArticleServiceTest$ArticleManagementTests" time="0.007">
    <system-out><![CDATA[01:39:50.324 [main] INFO com.lfx.demo.service.ArticleServiceImpl -- === 开始保存文章 ===
01:39:50.324 [main] INFO com.lfx.demo.service.ArticleServiceImpl -- 接收到的原始文章数据: Article{id=null, title='null', description='null', content='null', keywords='null', authorName='null', authorId=null, publisher='null', fileUrl='null', createTime=null, updateTime=null, status=null}
]]></system-out>
  </testcase>
  <testcase name="testUpdateArticle_NoPermission" classname="com.lfx.demo.service.ArticleServiceTest$ArticleManagementTests" time="0.007"/>
  <testcase name="testDeleteArticle_NotFound" classname="com.lfx.demo.service.ArticleServiceTest$ArticleManagementTests" time="0.013"/>
  <testcase name="testUpdateArticle_NotFound" classname="com.lfx.demo.service.ArticleServiceTest$ArticleManagementTests" time="0.007"/>
  <testcase name="testDeleteArticle_Success" classname="com.lfx.demo.service.ArticleServiceTest$ArticleManagementTests" time="0.008"/>
  <testcase name="testDeleteArticle_NoPermission" classname="com.lfx.demo.service.ArticleServiceTest$ArticleManagementTests" time="0.008"/>
</testsuite>